<?xml version="1.0" encoding="UTF-8"?>
<testsuite xmlns:xsi="http://www.w3.org/2001/XMLSchema-instance" xsi:noNamespaceSchemaLocation="https://maven.apache.org/surefire/maven-surefire-plugin/xsd/surefire-test-report-3.0.xsd" version="3.0" name="org.example.CollectionUtilsTest" time="0.143" tests="40" errors="0" skipped="0" failures="0">
  <properties>
[...]
</properties>
  <testcase name="testWriteOnlyList" classname="org.example.CollectionUtilsTest" time="0.037"/>
  <testcase name="testWriteOnlyMap2" classname="org.example.CollectionUtilsTest" time="0.006"/>
  <testcase name="testWriteOnlySet2" classname="org.example.CollectionUtilsTest" time="0.002"/>
  <testcase name="testSortList" classname="org.example.CollectionUtilsTest" time="0.001"/>
  <testcase name="testEmptyQueue" classname="org.example.CollectionUtilsTest" time="0.003"/>
  <testcase name="testMultipleWrappers" classname="org.example.CollectionUtilsTest" time="0.004"/>
  <testcase name="testReadOnlyQueue_Empty" classname="org.example.CollectionUtilsTest" time="0.001"/>
  <testcase name="testFindAll" classname="org.example.CollectionUtilsTest" time="0.001"/>
  <testcase name="testEmptyList" classname="org.example.CollectionUtilsTest" time="0.001"/>
  <testcase name="testFindAllKeys" classname="org.example.CollectionUtilsTest" time="0.001"/>
  <testcase name="testSingletonMap" classname="org.example.CollectionUtilsTest" time="0.0"/>
  <testcase name="testSingletonSet" classname="org.example.CollectionUtilsTest" time="0.001"/>
  <testcase name="testSortSetNaturalOrder" classname="org.example.CollectionUtilsTest" time="0.001"/>
  <testcase name="testWriteOnlySet2_Empty" classname="org.example.CollectionUtilsTest" time="0.002"/>
  <testcase name="testReadOnlyList2" classname="org.example.CollectionUtilsTest" time="0.001"/>
  <testcase name="testReadOnlyQueue" classname="org.example.CollectionUtilsTest" time="0.001"/>
  <testcase name="testReadOnlySet2_Empty" classname="org.example.CollectionUtilsTest" time="0.002"/>
  <testcase name="testFindFirstKey" classname="org.example.CollectionUtilsTest" time="0.001"/>
  <testcase name="testSortByKey" classname="org.example.CollectionUtilsTest" time="0.003"/>
  <testcase name="testSortByValue" classname="org.example.CollectionUtilsTest" time="0.002"/>
  <testcase name="testFindFirst" classname="org.example.CollectionUtilsTest" time="0.001"/>
  <testcase name="testSingletonList" classname="org.example.CollectionUtilsTest" time="0.0"/>
  <testcase name="testWriteOnlyQueue_Empty" classname="org.example.CollectionUtilsTest" time="0.001"/>
  <testcase name="testReadOnlyMap" classname="org.example.CollectionUtilsTest" time="0.001"/>
  <testcase name="testReadOnlySet" classname="org.example.CollectionUtilsTest" time="0.001"/>
  <testcase name="testWriteOnlyMap2_Empty" classname="org.example.CollectionUtilsTest" time="0.001"/>
  <testcase name="testNullParameters" classname="org.example.CollectionUtilsTest" time="0.003"/>
  <testcase name="testFindAllEntries" classname="org.example.CollectionUtilsTest" time="0.001"/>
  <testcase name="testFindAllValues" classname="org.example.CollectionUtilsTest" time="0.001"/>
  <testcase name="testReadOnlyMapWithDifferentLengths" classname="org.example.CollectionUtilsTest" time="0.001"/>
  <testcase name="testFindFirstEntry" classname="org.example.CollectionUtilsTest" time="0.001"/>
  <testcase name="testFindFirstValue" classname="org.example.CollectionUtilsTest" time="0.001"/>
  <testcase name="testReadOnlyList" classname="org.example.CollectionUtilsTest" time="0.001"/>
  <testcase name="testReadOnlyMap2" classname="org.example.CollectionUtilsTest" time="0.001"/>
  <testcase name="testReadOnlySet2" classname="org.example.CollectionUtilsTest" time="0.0"/>
  <testcase name="testReadOnlyMap2_Empty" classname="org.example.CollectionUtilsTest" time="0.001"/>
  <testcase name="testEmptyMap" classname="org.example.CollectionUtilsTest" time="0.001"/>
  <testcase name="testEmptySet" classname="org.example.CollectionUtilsTest" time="0.001"/>
  <testcase name="testWriteOnlyQueue" classname="org.example.CollectionUtilsTest" time="0.002"/>
  <testcase name="testSortSetWithComparator" classname="org.example.CollectionUtilsTest" time="0.002"/>
</testsuite>